<?xml version="1.0" encoding="UTF-8"?>
<!-- Generated by org.testng.reporters.JUnitXMLReporter -->
<testsuite ignored="0" hostname="DESKTOP-SVTJ0NJ" failures="3" tests="4" name="Test" time="118.818" errors="0" timestamp="2024-03-26T16:38:39 IST">
  <testcase classname="org.LoginFunctionality.TS001_LoginFunctionality" name="Login" time="35.45">
    <failure type="java.lang.AssertionError" message="expected [https://www.naukri.com/mnjuser/homepage] but found [https://www.naukri.com/]">
      <![CDATA[java.lang.AssertionError: expected [https://www.naukri.com/mnjuser/homepage] but found [https://www.naukri.com/]
at org.LoginFunctionality.TS001_LoginFunctionality.Login(TS001_LoginFunctionality.java:21)
at java.base/java.util.ArrayList.forEach(ArrayList.java:1511)
... Removed 33 stack frames]]>
    </failure>
  </testcase> <!-- Login -->
  <testcase classname="org.LoginFunctionality.TS001_LoginFunctionality" name="Login" time="31.159">
    <failure type="java.lang.AssertionError" message="expected [https://www.naukri.com/mnjuser/homepage] but found [https://www.naukri.com/]">
      <![CDATA[java.lang.AssertionError: expected [https://www.naukri.com/mnjuser/homepage] but found [https://www.naukri.com/]
at org.LoginFunctionality.TS001_LoginFunctionality.Login(TS001_LoginFunctionality.java:21)
at java.base/java.util.ArrayList.forEach(ArrayList.java:1511)
... Removed 33 stack frames]]>
    </failure>
  </testcase> <!-- Login -->
  <testcase classname="org.LoginFunctionality.TS001_LoginFunctionality" name="Login" time="33.011">
    <failure type="java.lang.AssertionError" message="expected [https://www.naukri.com/mnjuser/homepage] but found [https://www.naukri.com/]">
      <![CDATA[java.lang.AssertionError: expected [https://www.naukri.com/mnjuser/homepage] but found [https://www.naukri.com/]
at org.LoginFunctionality.TS001_LoginFunctionality.Login(TS001_LoginFunctionality.java:21)
at java.base/java.util.ArrayList.forEach(ArrayList.java:1511)
... Removed 33 stack frames]]>
    </failure>
  </testcase> <!-- Login -->
  <testcase classname="org.LoginFunctionality.TS001_LoginFunctionality" name="Login" time="2.655"/>
</testsuite> <!-- Test -->
